This file contains any messages produced by compilers while
running configure, to aid debugging if configure makes a mistake.

It was created by fcgene configure 1.0.7.1, which was
generated by GNU Autoconf 2.59.  Invocation command line was

  $ ./configure 

## --------- ##
## Platform. ##
## --------- ##

hostname = xmu.cn
uname -m = x86_64
uname -r = 2.6.32-431.11.2.el6.x86_64
uname -s = Linux
uname -v = #1 SMP Tue Mar 25 19:59:55 UTC 2014

/usr/bin/uname -p = unknown
/bin/uname -X     = unknown

/bin/arch              = x86_64
/usr/bin/arch -k       = unknown
/usr/convex/getsysinfo = unknown
hostinfo               = unknown
/bin/machine           = unknown
/usr/bin/oslevel       = unknown
/bin/universe          = unknown

PATH: /home/jintao/.bio
PATH: /share/apps/bin
PATH: /share/apps/bio
PATH: /share/apps/R_depends/bin
PATH: /share/apps/anaconda3/bin
PATH: /share/apps/R/bin
PATH: /share/apps/perl-5.20.1/bin
PATH: /share/apps/jre1.8.0_73/bin
PATH: /share/apps/blat
PATH: /share/apps/ncbi-blast-2.2.30+/bin
PATH: /share/apps/MutSigCV_1.4
PATH: /share/apps/EIG5.0.2/bin
PATH: /share/apps/impute_v2.3.2_x86_64_static
PATH: /share/apps/fastx
PATH: /share/apps/FastQC
PATH: /share/apps/bamUtil-master/bin
PATH: /share/apps/bamtools-master/bin
PATH: /share/apps/bam-readcount-0.7.4/bin
PATH: /share/apps/tabix-0.2.6
PATH: /share/apps/bedtools2/bin
PATH: /share/apps/breakdancer/bin
PATH: /share/apps/qiime_software/activate.sh
PATH: /share/apps/CAP3
PATH: /share/apps/CREST
PATH: /share/apps/zsh/bin
PATH: /share/apps/glibc.2.14/bin
PATH: /share/apps/autoconf-2.69/bin
PATH: /share/apps/gcc-5.3.0/bin
PATH: /share/apps/htop-2.0.1/bin
PATH: /opt/maui/bin
PATH: /opt/openmpi/bin
PATH: /usr/lib64/qt-3.3 /usr/lib/qt-3.3/bin
PATH: /usr/local/bin
PATH: /bin
PATH: /usr/bin
PATH: /opt/torque/bin
PATH: /opt/torque/sbin
PATH: /opt/eclipse
PATH: /opt/ganglia/bin
PATH: /opt/ganglia/sbin
PATH: /usr/java/latest/bin
PATH: /opt/maven/bin
PATH: /opt/pdsh/bin
PATH: /opt/rocks/bin
PATH: /opt/rocks/sbin


## ----------- ##
## Core tests. ##
## ----------- ##

configure:1355: checking for a BSD-compatible install
configure:1410: result: /usr/bin/install -c
configure:1431: checking whether build environment is sane
configure:1474: result: yes
configure:1539: checking for gawk
configure:1555: found /bin/gawk
configure:1565: result: gawk
configure:1575: checking whether make sets $(MAKE)
configure:1595: result: yes
configure:1782: checking for style of include used by make
configure:1810: result: GNU
configure:1887: checking for g++
configure:1903: found /share/apps/gcc-5.3.0/bin/g++
configure:1913: result: g++
configure:1929: checking for C++ compiler version
configure:1932: g++ --version </dev/null >&5
g++ (GCC) 5.3.0
Copyright (C) 2015 Free Software Foundation, Inc.
This is free software; see the source for copying conditions.  There is NO
warranty; not even for MERCHANTABILITY or FITNESS FOR A PARTICULAR PURPOSE.

configure:1935: $? = 0
configure:1937: g++ -v </dev/null >&5
Using built-in specs.
COLLECT_GCC=g++
COLLECT_LTO_WRAPPER=/share/apps/gcc-5.3.0/libexec/gcc/x86_64-unknown-linux-gnu/5.3.0/lto-wrapper
Target: x86_64-unknown-linux-gnu
Configured with: ../configure --prefix=/share/apps/gcc-5.3.0 --enable-checking=release --disable-multilib --with-system-zlib --enable-languages=c,c++,go,fortran
Thread model: posix
gcc version 5.3.0 (GCC) 
configure:1940: $? = 0
configure:1942: g++ -V </dev/null >&5
g++: error: unrecognized command line option '-V'
g++: fatal error: no input files
compilation terminated.
configure:1945: $? = 1
configure:1968: checking for C++ compiler default output file name
configure:1971: g++   -L/share/apps/R_depends/lib conftest.cc  >&5
configure:1974: $? = 0
configure:2020: result: a.out
configure:2025: checking whether the C++ compiler works
configure:2031: ./a.out
configure:2034: $? = 0
configure:2051: result: yes
configure:2058: checking whether we are cross compiling
configure:2060: result: no
configure:2063: checking for suffix of executables
configure:2065: g++ -o conftest   -L/share/apps/R_depends/lib conftest.cc  >&5
configure:2068: $? = 0
configure:2093: result: 
configure:2099: checking for suffix of object files
configure:2120: g++ -c   conftest.cc >&5
configure:2123: $? = 0
configure:2145: result: o
configure:2149: checking whether we are using the GNU C++ compiler
configure:2173: g++ -c   conftest.cc >&5
configure:2179: $? = 0
configure:2183: test -z 
			 || test ! -s conftest.err
configure:2186: $? = 0
configure:2189: test -s conftest.o
configure:2192: $? = 0
configure:2205: result: yes
configure:2211: checking whether g++ accepts -g
configure:2232: g++ -c -g  conftest.cc >&5
configure:2238: $? = 0
configure:2242: test -z 
			 || test ! -s conftest.err
configure:2245: $? = 0
configure:2248: test -s conftest.o
configure:2251: $? = 0
configure:2262: result: yes
configure:2304: g++ -c -g -O2  conftest.cc >&5
configure:2310: $? = 0
configure:2314: test -z 
			 || test ! -s conftest.err
configure:2317: $? = 0
configure:2320: test -s conftest.o
configure:2323: $? = 0
configure:2349: g++ -c -g -O2  conftest.cc >&5
conftest.cc: In function 'int main()':
conftest.cc:15:9: error: 'exit' was not declared in this scope
 exit (42);
         ^
configure:2355: $? = 1
configure: failed program was:
| /* confdefs.h.  */
| 
| #define PACKAGE_NAME "fcgene"
| #define PACKAGE_TARNAME "fcgene"
| #define PACKAGE_VERSION "1.0.7.1"
| #define PACKAGE_STRING "fcgene 1.0.7.1"
| #define PACKAGE_BUGREPORT "roshyra@yahoo.com"
| #define PACKAGE "fcgene"
| #define VERSION "1.0.7.1"
| /* end confdefs.h.  */
| 
| int
| main ()
| {
| exit (42);
|   ;
|   return 0;
| }
configure:2304: g++ -c -g -O2  conftest.cc >&5
conftest.cc:11:40: error: 'void std::exit(int)' should have been declared inside 'std'
 extern "C" void std::exit (int) throw (); using std::exit;
                                        ^
configure:2310: $? = 1
configure: failed program was:
| /* confdefs.h.  */
| 
| #define PACKAGE_NAME "fcgene"
| #define PACKAGE_TARNAME "fcgene"
| #define PACKAGE_VERSION "1.0.7.1"
| #define PACKAGE_STRING "fcgene 1.0.7.1"
| #define PACKAGE_BUGREPORT "roshyra@yahoo.com"
| #define PACKAGE "fcgene"
| #define VERSION "1.0.7.1"
| /* end confdefs.h.  */
| extern "C" void std::exit (int) throw (); using std::exit;
| #include <stdlib.h>
| int
| main ()
| {
| exit (42);
|   ;
|   return 0;
| }
configure:2304: g++ -c -g -O2  conftest.cc >&5
conftest.cc:11:31: error: 'void std::exit(int)' should have been declared inside 'std'
 extern "C" void std::exit (int); using std::exit;
                               ^
In file included from conftest.cc:12:0:
/usr/include/stdlib.h:544:70: error: declaration of 'void std::exit(int) throw ()' has a different exception specifier
 extern void exit (int __status) __THROW __attribute__ ((__noreturn__));
                                                                      ^
conftest.cc:11:17: error: from previous declaration 'void std::exit(int)'
 extern "C" void std::exit (int); using std::exit;
                 ^
configure:2310: $? = 1
configure: failed program was:
| /* confdefs.h.  */
| 
| #define PACKAGE_NAME "fcgene"
| #define PACKAGE_TARNAME "fcgene"
| #define PACKAGE_VERSION "1.0.7.1"
| #define PACKAGE_STRING "fcgene 1.0.7.1"
| #define PACKAGE_BUGREPORT "roshyra@yahoo.com"
| #define PACKAGE "fcgene"
| #define VERSION "1.0.7.1"
| /* end confdefs.h.  */
| extern "C" void std::exit (int); using std::exit;
| #include <stdlib.h>
| int
| main ()
| {
| exit (42);
|   ;
|   return 0;
| }
configure:2304: g++ -c -g -O2  conftest.cc >&5
configure:2310: $? = 0
configure:2314: test -z 
			 || test ! -s conftest.err
configure:2317: $? = 0
configure:2320: test -s conftest.o
configure:2323: $? = 0
configure:2349: g++ -c -g -O2  conftest.cc >&5
configure:2355: $? = 0
configure:2359: test -z 
			 || test ! -s conftest.err
configure:2362: $? = 0
configure:2365: test -s conftest.o
configure:2368: $? = 0
configure:2393: checking dependency style of g++
configure:2483: result: none
configure:2506: checking how to run the C++ preprocessor
configure:2537: g++ -E  conftest.cc
configure:2543: $? = 0
configure:2575: g++ -E  conftest.cc
conftest.cc:14:28: fatal error: ac_nonexistent.h: No such file or directory
compilation terminated.
configure:2581: $? = 1
configure: failed program was:
| /* confdefs.h.  */
| 
| #define PACKAGE_NAME "fcgene"
| #define PACKAGE_TARNAME "fcgene"
| #define PACKAGE_VERSION "1.0.7.1"
| #define PACKAGE_STRING "fcgene 1.0.7.1"
| #define PACKAGE_BUGREPORT "roshyra@yahoo.com"
| #define PACKAGE "fcgene"
| #define VERSION "1.0.7.1"
| #ifdef __cplusplus
| extern "C" void exit (int) throw ();
| #endif
| /* end confdefs.h.  */
| #include <ac_nonexistent.h>
configure:2620: result: g++ -E
configure:2644: g++ -E  conftest.cc
configure:2650: $? = 0
configure:2682: g++ -E  conftest.cc
conftest.cc:14:28: fatal error: ac_nonexistent.h: No such file or directory
compilation terminated.
configure:2688: $? = 1
configure: failed program was:
| /* confdefs.h.  */
| 
| #define PACKAGE_NAME "fcgene"
| #define PACKAGE_TARNAME "fcgene"
| #define PACKAGE_VERSION "1.0.7.1"
| #define PACKAGE_STRING "fcgene 1.0.7.1"
| #define PACKAGE_BUGREPORT "roshyra@yahoo.com"
| #define PACKAGE "fcgene"
| #define VERSION "1.0.7.1"
| #ifdef __cplusplus
| extern "C" void exit (int) throw ();
| #endif
| /* end confdefs.h.  */
| #include <ac_nonexistent.h>
configure:2732: checking for egrep
configure:2742: result: grep -E
configure:2747: checking for ANSI C header files
configure:2772: g++ -c -g -O2  conftest.cc >&5
configure:2778: $? = 0
configure:2782: test -z 
			 || test ! -s conftest.err
configure:2785: $? = 0
configure:2788: test -s conftest.o
configure:2791: $? = 0
configure:2880: g++ -o conftest -g -O2  -L/share/apps/R_depends/lib conftest.cc  >&5
configure:2883: $? = 0
configure:2885: ./conftest
configure:2888: $? = 0
configure:2903: result: yes
configure:2927: checking for sys/types.h
configure:2943: g++ -c -g -O2  conftest.cc >&5
configure:2949: $? = 0
configure:2953: test -z 
			 || test ! -s conftest.err
configure:2956: $? = 0
configure:2959: test -s conftest.o
configure:2962: $? = 0
configure:2973: result: yes
configure:2927: checking for sys/stat.h
configure:2943: g++ -c -g -O2  conftest.cc >&5
configure:2949: $? = 0
configure:2953: test -z 
			 || test ! -s conftest.err
configure:2956: $? = 0
configure:2959: test -s conftest.o
configure:2962: $? = 0
configure:2973: result: yes
configure:2927: checking for stdlib.h
configure:2943: g++ -c -g -O2  conftest.cc >&5
configure:2949: $? = 0
configure:2953: test -z 
			 || test ! -s conftest.err
configure:2956: $? = 0
configure:2959: test -s conftest.o
configure:2962: $? = 0
configure:2973: result: yes
configure:2927: checking for string.h
configure:2943: g++ -c -g -O2  conftest.cc >&5
configure:2949: $? = 0
configure:2953: test -z 
			 || test ! -s conftest.err
configure:2956: $? = 0
configure:2959: test -s conftest.o
configure:2962: $? = 0
configure:2973: result: yes
configure:2927: checking for memory.h
configure:2943: g++ -c -g -O2  conftest.cc >&5
configure:2949: $? = 0
configure:2953: test -z 
			 || test ! -s conftest.err
configure:2956: $? = 0
configure:2959: test -s conftest.o
configure:2962: $? = 0
configure:2973: result: yes
configure:2927: checking for strings.h
configure:2943: g++ -c -g -O2  conftest.cc >&5
configure:2949: $? = 0
configure:2953: test -z 
			 || test ! -s conftest.err
configure:2956: $? = 0
configure:2959: test -s conftest.o
configure:2962: $? = 0
configure:2973: result: yes
configure:2927: checking for inttypes.h
configure:2943: g++ -c -g -O2  conftest.cc >&5
configure:2949: $? = 0
configure:2953: test -z 
			 || test ! -s conftest.err
configure:2956: $? = 0
configure:2959: test -s conftest.o
configure:2962: $? = 0
configure:2973: result: yes
configure:2927: checking for stdint.h
configure:2943: g++ -c -g -O2  conftest.cc >&5
configure:2949: $? = 0
configure:2953: test -z 
			 || test ! -s conftest.err
configure:2956: $? = 0
configure:2959: test -s conftest.o
configure:2962: $? = 0
configure:2973: result: yes
configure:2927: checking for unistd.h
configure:2943: g++ -c -g -O2  conftest.cc >&5
configure:2949: $? = 0
configure:2953: test -z 
			 || test ! -s conftest.err
configure:2956: $? = 0
configure:2959: test -s conftest.o
configure:2962: $? = 0
configure:2973: result: yes
configure:2992: checking for stdlib.h
configure:2997: result: yes
configure:3001: checking sys/timeb.h usability
configure:3013: g++ -c -g -O2  conftest.cc >&5
configure:3019: $? = 0
configure:3023: test -z 
			 || test ! -s conftest.err
configure:3026: $? = 0
configure:3029: test -s conftest.o
configure:3032: $? = 0
configure:3042: result: yes
configure:3046: checking sys/timeb.h presence
configure:3056: g++ -E  conftest.cc
configure:3062: $? = 0
configure:3082: result: yes
configure:3117: checking for sys/timeb.h
configure:3124: result: yes
configure:3001: checking zlib.h usability
configure:3013: g++ -c -g -O2  conftest.cc >&5
configure:3019: $? = 0
configure:3023: test -z 
			 || test ! -s conftest.err
configure:3026: $? = 0
configure:3029: test -s conftest.o
configure:3032: $? = 0
configure:3042: result: yes
configure:3046: checking zlib.h presence
configure:3056: g++ -E  conftest.cc
configure:3062: $? = 0
configure:3082: result: yes
configure:3117: checking for zlib.h
configure:3124: result: yes
configure:3138: checking for the MATH library headers
configure:3145: g++ -c -g -O2  conftest.cc >&5
configure:3151: $? = 0
configure:3155: test -z 
			 || test ! -s conftest.err
configure:3158: $? = 0
configure:3161: test -s conftest.o
configure:3164: $? = 0
configure:3166: result: MATH Library was found
configure:3180: checking for the ZLIB library headers
configure:3186: g++ -c -g -O2  conftest.cc >&5
configure:3192: $? = 0
configure:3196: test -z 
			 || test ! -s conftest.err
configure:3199: $? = 0
configure:3202: test -s conftest.o
configure:3205: $? = 0
configure:3207: result: ZLIB Library was found 
configure:3235:  fcGENE can read and write gezipped files ending with *.gz.
configure:3245: checking for stdbool.h that conforms to C99
configure:3298: g++ -c -g -O2  conftest.cc >&5
configure:3304: $? = 0
configure:3308: test -z 
			 || test ! -s conftest.err
configure:3311: $? = 0
configure:3314: test -s conftest.o
configure:3317: $? = 0
configure:3328: result: yes
configure:3330: checking for _Bool
configure:3354: g++ -c -g -O2  conftest.cc >&5
conftest.cc: In function 'int main()':
conftest.cc:64:6: error: '_Bool' was not declared in this scope
 if ((_Bool *) 0)
      ^
conftest.cc:64:13: error: expected primary-expression before ')' token
 if ((_Bool *) 0)
             ^
conftest.cc:64:15: error: expected ')' before numeric constant
 if ((_Bool *) 0)
               ^
conftest.cc:66:13: error: '_Bool' was not declared in this scope
 if (sizeof (_Bool))
             ^
configure:3360: $? = 1
configure: failed program was:
| /* confdefs.h.  */
| 
| #define PACKAGE_NAME "fcgene"
| #define PACKAGE_TARNAME "fcgene"
| #define PACKAGE_VERSION "1.0.7.1"
| #define PACKAGE_STRING "fcgene 1.0.7.1"
| #define PACKAGE_BUGREPORT "roshyra@yahoo.com"
| #define PACKAGE "fcgene"
| #define VERSION "1.0.7.1"
| #ifdef __cplusplus
| extern "C" void exit (int) throw ();
| #endif
| #define STDC_HEADERS 1
| #define HAVE_SYS_TYPES_H 1
| #define HAVE_SYS_STAT_H 1
| #define HAVE_STDLIB_H 1
| #define HAVE_STRING_H 1
| #define HAVE_MEMORY_H 1
| #define HAVE_STRINGS_H 1
| #define HAVE_INTTYPES_H 1
| #define HAVE_STDINT_H 1
| #define HAVE_UNISTD_H 1
| #define HAVE_STDLIB_H 1
| #define HAVE_SYS_TIMEB_H 1
| #define HAVE_ZLIB_H 1
| /* end confdefs.h.  */
| #include <stdio.h>
| #if HAVE_SYS_TYPES_H
| # include <sys/types.h>
| #endif
| #if HAVE_SYS_STAT_H
| # include <sys/stat.h>
| #endif
| #if STDC_HEADERS
| # include <stdlib.h>
| # include <stddef.h>
| #else
| # if HAVE_STDLIB_H
| #  include <stdlib.h>
| # endif
| #endif
| #if HAVE_STRING_H
| # if !STDC_HEADERS && HAVE_MEMORY_H
| #  include <memory.h>
| # endif
| # include <string.h>
| #endif
| #if HAVE_STRINGS_H
| # include <strings.h>
| #endif
| #if HAVE_INTTYPES_H
| # include <inttypes.h>
| #else
| # if HAVE_STDINT_H
| #  include <stdint.h>
| # endif
| #endif
| #if HAVE_UNISTD_H
| # include <unistd.h>
| #endif
| int
| main ()
| {
| if ((_Bool *) 0)
|   return 0;
| if (sizeof (_Bool))
|   return 0;
|   ;
|   return 0;
| }
configure:3384: result: no
configure:3403: checking for an ANSI C-conforming const
configure:3470: g++ -c -g -O2  conftest.cc >&5
configure:3476: $? = 0
configure:3480: test -z 
			 || test ! -s conftest.err
configure:3483: $? = 0
configure:3486: test -s conftest.o
configure:3489: $? = 0
configure:3500: result: yes
configure:3510: checking for inline
configure:3531: g++ -c -g -O2  conftest.cc >&5
configure:3537: $? = 0
configure:3541: test -z 
			 || test ! -s conftest.err
configure:3544: $? = 0
configure:3547: test -s conftest.o
configure:3550: $? = 0
configure:3562: result: inline
configure:3581: checking for size_t
configure:3605: g++ -c -g -O2  conftest.cc >&5
configure:3611: $? = 0
configure:3615: test -z 
			 || test ! -s conftest.err
configure:3618: $? = 0
configure:3621: test -s conftest.o
configure:3624: $? = 0
configure:3635: result: yes
configure:3647: checking whether struct tm is in sys/time.h or time.h
configure:3670: g++ -c -g -O2  conftest.cc >&5
configure:3676: $? = 0
configure:3680: test -z 
			 || test ! -s conftest.err
configure:3683: $? = 0
configure:3686: test -s conftest.o
configure:3689: $? = 0
configure:3700: result: time.h
configure:3712: checking for error_at_line
configure:3733: g++ -o conftest -g -O2  -L/share/apps/R_depends/lib conftest.cc  >&5
conftest.cc: In function 'int main()':
conftest.cc:65:31: error: 'error_at_line' was not declared in this scope
 error_at_line (0, 0, "", 0, "");
                               ^
configure:3739: $? = 1
configure: failed program was:
| /* confdefs.h.  */
| 
| #define PACKAGE_NAME "fcgene"
| #define PACKAGE_TARNAME "fcgene"
| #define PACKAGE_VERSION "1.0.7.1"
| #define PACKAGE_STRING "fcgene 1.0.7.1"
| #define PACKAGE_BUGREPORT "roshyra@yahoo.com"
| #define PACKAGE "fcgene"
| #define VERSION "1.0.7.1"
| #ifdef __cplusplus
| extern "C" void exit (int) throw ();
| #endif
| #define STDC_HEADERS 1
| #define HAVE_SYS_TYPES_H 1
| #define HAVE_SYS_STAT_H 1
| #define HAVE_STDLIB_H 1
| #define HAVE_STRING_H 1
| #define HAVE_MEMORY_H 1
| #define HAVE_STRINGS_H 1
| #define HAVE_INTTYPES_H 1
| #define HAVE_STDINT_H 1
| #define HAVE_UNISTD_H 1
| #define HAVE_STDLIB_H 1
| #define HAVE_SYS_TIMEB_H 1
| #define HAVE_ZLIB_H 1
| #define HAVE_STDBOOL_H 1
| /* end confdefs.h.  */
| #include <stdio.h>
| #if HAVE_SYS_TYPES_H
| # include <sys/types.h>
| #endif
| #if HAVE_SYS_STAT_H
| # include <sys/stat.h>
| #endif
| #if STDC_HEADERS
| # include <stdlib.h>
| # include <stddef.h>
| #else
| # if HAVE_STDLIB_H
| #  include <stdlib.h>
| # endif
| #endif
| #if HAVE_STRING_H
| # if !STDC_HEADERS && HAVE_MEMORY_H
| #  include <memory.h>
| # endif
| # include <string.h>
| #endif
| #if HAVE_STRINGS_H
| # include <strings.h>
| #endif
| #if HAVE_INTTYPES_H
| # include <inttypes.h>
| #else
| # if HAVE_STDINT_H
| #  include <stdint.h>
| # endif
| #endif
| #if HAVE_UNISTD_H
| # include <unistd.h>
| #endif
| int
| main ()
| {
| error_at_line (0, 0, "", 0, "");
|   ;
|   return 0;
| }
configure:3764: result: no
configure:3777: checking whether sys/types.h defines makedev
configure:3798: g++ -o conftest -g -O2  -L/share/apps/R_depends/lib conftest.cc  >&5
configure:3804: $? = 0
configure:3808: test -z 
			 || test ! -s conftest.err
configure:3811: $? = 0
configure:3814: test -s conftest
configure:3817: $? = 0
configure:3830: result: yes
configure:4136: checking for stdlib.h
configure:4141: result: yes
configure:4281: checking for GNU libc compatible malloc
configure:4310: g++ -o conftest -g -O2  -L/share/apps/R_depends/lib conftest.cc  >&5
configure:4313: $? = 0
configure:4315: ./conftest
configure:4318: $? = 0
configure:4332: result: yes
configure:4367: checking for floor
configure:4424: g++ -o conftest -g -O2  -L/share/apps/R_depends/lib conftest.cc  >&5
configure:4430: $? = 0
configure:4434: test -z 
			 || test ! -s conftest.err
configure:4437: $? = 0
configure:4440: test -s conftest
configure:4443: $? = 0
configure:4455: result: yes
configure:4367: checking for pow
configure:4424: g++ -o conftest -g -O2  -L/share/apps/R_depends/lib conftest.cc  >&5
configure:4430: $? = 0
configure:4434: test -z 
			 || test ! -s conftest.err
configure:4437: $? = 0
configure:4440: test -s conftest
configure:4443: $? = 0
configure:4455: result: yes
configure:4576: creating ./config.status

## ---------------------- ##
## Running config.status. ##
## ---------------------- ##

This file was extended by fcgene config.status 1.0.7.1, which was
generated by GNU Autoconf 2.59.  Invocation command line was

  CONFIG_FILES    = 
  CONFIG_HEADERS  = 
  CONFIG_LINKS    = 
  CONFIG_COMMANDS = 
  $ ./config.status 

on xmu.cn

config.status:691: creating Makefile
config.status:691: creating src/Makefile
config.status:795: creating src/config.h
config.status:917: src/config.h is unchanged
config.status:1097: executing depfiles commands

## ---------------- ##
## Cache variables. ##
## ---------------- ##

ac_cv_c_const=yes
ac_cv_c_inline=inline
ac_cv_cxx_compiler_gnu=yes
ac_cv_env_CPPFLAGS_set=
ac_cv_env_CPPFLAGS_value=
ac_cv_env_CXXCPP_set=
ac_cv_env_CXXCPP_value=
ac_cv_env_CXXFLAGS_set=
ac_cv_env_CXXFLAGS_value=
ac_cv_env_CXX_set=
ac_cv_env_CXX_value=
ac_cv_env_LDFLAGS_set=set
ac_cv_env_LDFLAGS_value=-L/share/apps/R_depends/lib
ac_cv_env_build_alias_set=
ac_cv_env_build_alias_value=
ac_cv_env_host_alias_set=
ac_cv_env_host_alias_value=
ac_cv_env_target_alias_set=
ac_cv_env_target_alias_value=
ac_cv_exeext=
ac_cv_func_floor=yes
ac_cv_func_malloc_0_nonnull=yes
ac_cv_func_pow=yes
ac_cv_header_inttypes_h=yes
ac_cv_header_memory_h=yes
ac_cv_header_stdbool_h=yes
ac_cv_header_stdc=yes
ac_cv_header_stdint_h=yes
ac_cv_header_stdlib_h=yes
ac_cv_header_string_h=yes
ac_cv_header_strings_h=yes
ac_cv_header_sys_stat_h=yes
ac_cv_header_sys_timeb_h=yes
ac_cv_header_sys_types_h=yes
ac_cv_header_sys_types_h_makedev=yes
ac_cv_header_unistd_h=yes
ac_cv_header_zlib_h=yes
ac_cv_lib_error_at_line=no
ac_cv_objext=o
ac_cv_path_install='/usr/bin/install -c'
ac_cv_prog_AWK=gawk
ac_cv_prog_CXXCPP='g++ -E'
ac_cv_prog_ac_ct_CXX=g++
ac_cv_prog_cxx_g=yes
ac_cv_prog_egrep='grep -E'
ac_cv_prog_make_make_set=yes
ac_cv_struct_tm=time.h
ac_cv_type__Bool=no
ac_cv_type_size_t=yes
am_cv_CXX_dependencies_compiler_type=none

## ----------------- ##
## Output variables. ##
## ----------------- ##

ACLOCAL='${SHELL} /home/jintao/fcgene-1.0.7.1/missing --run aclocal-1.9'
AC_LDFLAGS='-lm -lz'
AMDEPBACKSLASH='\'
AMDEP_FALSE='#'
AMDEP_TRUE=''
AMTAR='${SHELL} /home/jintao/fcgene-1.0.7.1/missing --run tar'
AUTOCONF='${SHELL} /home/jintao/fcgene-1.0.7.1/missing --run autoconf'
AUTOHEADER='${SHELL} /home/jintao/fcgene-1.0.7.1/missing --run autoheader'
AUTOMAKE='${SHELL} /home/jintao/fcgene-1.0.7.1/missing --run automake-1.9'
AWK='gawk'
CPPFLAGS=''
CXX='g++'
CXXCPP='g++ -E'
CXXDEPMODE='depmode=none'
CXXFLAGS='-g -O2'
CYGPATH_W='echo'
DEFS='-DHAVE_CONFIG_H'
DEPDIR='.deps'
ECHO_C=''
ECHO_N='-n'
ECHO_T=''
EGREP='grep -E'
EXEEXT=''
INSTALL_DATA='${INSTALL} -m 644'
INSTALL_PROGRAM='${INSTALL}'
INSTALL_SCRIPT='${INSTALL}'
INSTALL_STRIP_PROGRAM='${SHELL} $(install_sh) -c -s'
LDFLAGS='-L/share/apps/R_depends/lib'
LIBOBJS=' error$U.o'
LIBS=''
LTLIBOBJS=' error$U.lo'
MAKEINFO='${SHELL} /home/jintao/fcgene-1.0.7.1/missing --run makeinfo'
OBJEXT='o'
PACKAGE='fcgene'
PACKAGE_BUGREPORT='roshyra@yahoo.com'
PACKAGE_NAME='fcgene'
PACKAGE_STRING='fcgene 1.0.7.1'
PACKAGE_TARNAME='fcgene'
PACKAGE_VERSION='1.0.7.1'
PATH_SEPARATOR=':'
SET_MAKE=''
SHELL='/bin/sh'
STRIP=''
VERSION='1.0.7.1'
ac_ct_CXX='g++'
ac_ct_STRIP=''
am__fastdepCXX_FALSE=''
am__fastdepCXX_TRUE='#'
am__include='include'
am__leading_dot='.'
am__quote=''
am__tar='${AMTAR} chof - "$$tardir"'
am__untar='${AMTAR} xf -'
bindir='${exec_prefix}/bin'
build_alias=''
datadir='${prefix}/share'
exec_prefix='${prefix}'
host_alias=''
includedir='${prefix}/include'
infodir='${prefix}/info'
install_sh='/home/jintao/fcgene-1.0.7.1/install-sh'
libdir='${exec_prefix}/lib'
libexecdir='${exec_prefix}/libexec'
localstatedir='${prefix}/var'
mandir='${prefix}/man'
mkdir_p='mkdir -p --'
oldincludedir='/usr/include'
prefix='/usr/local'
program_transform_name='s,x,x,'
sbindir='${exec_prefix}/sbin'
sharedstatedir='${prefix}/com'
sysconfdir='${prefix}/etc'
target_alias=''

## ----------- ##
## confdefs.h. ##
## ----------- ##

#define HAVE_FLOOR 1
#define HAVE_INTTYPES_H 1
#define HAVE_MALLOC 1
#define HAVE_MEMORY_H 1
#define HAVE_POW 1
#define HAVE_STDBOOL_H 1
#define HAVE_STDINT_H 1
#define HAVE_STDLIB_H 1
#define HAVE_STDLIB_H 1
#define HAVE_STDLIB_H 1
#define HAVE_STRINGS_H 1
#define HAVE_STRING_H 1
#define HAVE_SYS_STAT_H 1
#define HAVE_SYS_TIMEB_H 1
#define HAVE_SYS_TYPES_H 1
#define HAVE_UNISTD_H 1
#define HAVE_ZLIB_H 1
#define PACKAGE "fcgene"
#define PACKAGE_BUGREPORT "roshyra@yahoo.com"
#define PACKAGE_NAME "fcgene"
#define PACKAGE_STRING "fcgene 1.0.7.1"
#define PACKAGE_TARNAME "fcgene"
#define PACKAGE_VERSION "1.0.7.1"
#define STDC_HEADERS 1
#define VERSION "1.0.7.1"
#endif
#ifdef __cplusplus
extern "C" void exit (int) throw ();

configure: exit 0
